This file contains any messages produced by compilers while
running configure, to aid debugging if configure makes a mistake.

It was created by libvega configure 1.0, which was
generated by GNU Autoconf 2.69.  Invocation command line was

  $ ./configure --host=riscv64-vega-elf CFLAGS=-march=rv64imafd -mabi=lp64d -mcmodel=medany

## --------- ##
## Platform. ##
## --------- ##

hostname = Bluespec-Server3
uname -m = x86_64
uname -r = 4.15.0-106-generic
uname -s = Linux
uname -v = #107-Ubuntu SMP Thu Jun 4 11:27:52 UTC 2020

/usr/bin/uname -p = unknown
/bin/uname -X     = unknown

/bin/arch              = unknown
/usr/bin/arch -k       = unknown
/usr/convex/getsysinfo = unknown
/usr/bin/hostinfo      = unknown
/bin/machine           = unknown
/usr/bin/oslevel       = unknown
/bin/universe          = unknown

PATH: /home/hdg/GHWC_2020/vega-tools/toolchain/bin)
PATH: /home/hdg/MDP_riscv32ima/bin
PATH: /home/hdg/riscv/jdk-8u211-linux-x64/jdk1.8.0_211/bin
PATH: /home/hdg/riscv/bin
PATH: /home/hdg/MDP/microtesk/bin
PATH: /home/hdg/RV_64_Toolchains/RV_64_IMA_MEDANY_TC/bin
PATH: /home/hdg/bin
PATH: /home/hdg/.local/bin
PATH: /usr/local/sbin
PATH: /usr/local/bin
PATH: /usr/sbin
PATH: /usr/bin
PATH: /sbin
PATH: /bin
PATH: /usr/games
PATH: /usr/local/games
PATH: /snap/bin
PATH: /edatools/Bluespec-2018.10.beta1/lib/../bin
PATH: /home/hdg/riscv/bin
PATH: /home/hdg/GHWC_2020/vega-tools/toolchain/bin


## ----------- ##
## Core tests. ##
## ----------- ##

configure:1855: checking for a BSD-compatible install
configure:1923: result: /usr/bin/install -c
configure:1934: checking whether build environment is sane
configure:1989: result: yes
configure:2048: checking for riscv64-vega-elf-strip
configure:2064: found /home/hdg/GHWC_2020/vega-tools/toolchain/bin/riscv64-vega-elf-strip
configure:2075: result: riscv64-vega-elf-strip
configure:2140: checking for a thread-safe mkdir -p
configure:2179: result: /bin/mkdir -p
configure:2186: checking for gawk
configure:2202: found /usr/bin/gawk
configure:2213: result: gawk
configure:2224: checking whether make sets $(MAKE)
configure:2246: result: yes
configure:2275: checking whether make supports nested variables
configure:2292: result: yes
configure:2426: checking for riscv64-vega-elf-gcc
configure:2442: found /home/hdg/GHWC_2020/vega-tools/toolchain/bin/riscv64-vega-elf-gcc
configure:2453: result: riscv64-vega-elf-gcc
configure:2722: checking for C compiler version
configure:2731: riscv64-vega-elf-gcc --version >&5
riscv64-vega-elf-gcc (GCC) 10.1.0
Copyright (C) 2020 Free Software Foundation, Inc.
This is free software; see the source for copying conditions.  There is NO
warranty; not even for MERCHANTABILITY or FITNESS FOR A PARTICULAR PURPOSE.

configure:2742: $? = 0
configure:2731: riscv64-vega-elf-gcc -v >&5
Using built-in specs.
COLLECT_GCC=riscv64-vega-elf-gcc
COLLECT_LTO_WRAPPER=/home/hdg/GHWC_2020/vega-tools/toolchain/bin/../libexec/gcc/riscv64-vega-elf/10.1.0/lto-wrapper
Target: riscv64-vega-elf
Configured with: /home/hdg/Desktop/toolchain/riscv-gnu-toolchain/riscv-gcc/configure --target=riscv64-vega-elf --prefix=/home/hdg/Desktop/toolchain/riscv --disable-shared --disable-threads --enable-languages=c,c++ --with-system-zlib --enable-tls --with-newlib --with-sysroot=/home/hdg/Desktop/toolchain/riscv/riscv64-vega-elf --with-native-system-header-dir=/include --disable-libmudflap --disable-libssp --disable-libquadmath --disable-libgomp --disable-nls --disable-tm-clone-registry --src=.././riscv-gcc --enable-multilib --with-abi=lp64d --with-arch=rv64imafdc --with-tune=rocket 'CFLAGS_FOR_TARGET=-Os   -mcmodel=medlow' 'CXXFLAGS_FOR_TARGET=-Os   -mcmodel=medlow'
Thread model: single
Supported LTO compression algorithms: zlib
gcc version 10.1.0 (GCC) 
configure:2742: $? = 0
configure:2731: riscv64-vega-elf-gcc -V >&5
riscv64-vega-elf-gcc: error: unrecognized command-line option '-V'
riscv64-vega-elf-gcc: fatal error: no input files
compilation terminated.
configure:2742: $? = 1
configure:2731: riscv64-vega-elf-gcc -qversion >&5
riscv64-vega-elf-gcc: error: unrecognized command-line option '-qversion'; did you mean '--version'?
riscv64-vega-elf-gcc: fatal error: no input files
compilation terminated.
configure:2742: $? = 1
configure:2762: checking whether the C compiler works
configure:2784: riscv64-vega-elf-gcc -march=rv64imafd -mabi=lp64d -mcmodel=medany   conftest.c  >&5
configure:2788: $? = 0
configure:2836: result: yes
configure:2839: checking for C compiler default output file name
configure:2841: result: a.out
configure:2847: checking for suffix of executables
configure:2854: riscv64-vega-elf-gcc -o conftest -march=rv64imafd -mabi=lp64d -mcmodel=medany   conftest.c  >&5
configure:2858: $? = 0
configure:2880: result: 
configure:2902: checking whether we are cross compiling
configure:2910: riscv64-vega-elf-gcc -o conftest -march=rv64imafd -mabi=lp64d -mcmodel=medany   conftest.c  >&5
configure:2914: $? = 0
configure:2921: ./conftest
./configure: line 2923: ./conftest: cannot execute binary file: Exec format error
configure:2925: $? = 126
configure:2940: result: yes
configure:2945: checking for suffix of object files
configure:2967: riscv64-vega-elf-gcc -c -march=rv64imafd -mabi=lp64d -mcmodel=medany  conftest.c >&5
configure:2971: $? = 0
configure:2992: result: o
configure:2996: checking whether we are using the GNU C compiler
configure:3015: riscv64-vega-elf-gcc -c -march=rv64imafd -mabi=lp64d -mcmodel=medany  conftest.c >&5
configure:3015: $? = 0
configure:3024: result: yes
configure:3033: checking whether riscv64-vega-elf-gcc accepts -g
configure:3053: riscv64-vega-elf-gcc -c -g  conftest.c >&5
configure:3053: $? = 0
configure:3094: result: yes
configure:3111: checking for riscv64-vega-elf-gcc option to accept ISO C89
configure:3174: riscv64-vega-elf-gcc  -c -march=rv64imafd -mabi=lp64d -mcmodel=medany  conftest.c >&5
configure:3174: $? = 0
configure:3187: result: none needed
configure:3212: checking whether riscv64-vega-elf-gcc understands -c and -o together
configure:3234: riscv64-vega-elf-gcc -c conftest.c -o conftest2.o
configure:3237: $? = 0
configure:3234: riscv64-vega-elf-gcc -c conftest.c -o conftest2.o
configure:3237: $? = 0
configure:3249: result: yes
configure:3277: checking for style of include used by make
configure:3305: result: GNU
configure:3331: checking dependency style of riscv64-vega-elf-gcc
configure:3442: result: gcc3
configure:3460: checking for riscv64-vega-elf-ranlib
configure:3476: found /home/hdg/GHWC_2020/vega-tools/toolchain/bin/riscv64-vega-elf-ranlib
configure:3487: result: riscv64-vega-elf-ranlib
configure:3555: checking for riscv64-vega-elf-ar
configure:3571: found /home/hdg/GHWC_2020/vega-tools/toolchain/bin/riscv64-vega-elf-ar
configure:3582: result: riscv64-vega-elf-ar
configure:3652: checking the archiver (riscv64-vega-elf-ar) interface
configure:3668: riscv64-vega-elf-gcc -c -march=rv64imafd -mabi=lp64d -mcmodel=medany  conftest.c >&5
configure:3668: $? = 0
configure:3670: riscv64-vega-elf-ar cru libconftest.a conftest.o >&5
configure:3673: $? = 0
configure:3701: result: ar
configure:3730: checking dependency style of riscv64-vega-elf-gcc
configure:3839: result: gcc3
configure:4001: checking that generated files are newer than configure
configure:4007: result: done
configure:4034: creating ./config.status

## ---------------------- ##
## Running config.status. ##
## ---------------------- ##

This file was extended by libvega config.status 1.0, which was
generated by GNU Autoconf 2.69.  Invocation command line was

  CONFIG_FILES    = 
  CONFIG_HEADERS  = 
  CONFIG_LINKS    = 
  CONFIG_COMMANDS = 
  $ ./config.status 

on Bluespec-Server3

config.status:781: creating Makefile
config.status:953: executing depfiles commands

## ---------------- ##
## Cache variables. ##
## ---------------- ##

ac_cv_c_compiler_gnu=yes
ac_cv_env_CCASFLAGS_set=
ac_cv_env_CCASFLAGS_value=
ac_cv_env_CCAS_set=
ac_cv_env_CCAS_value=
ac_cv_env_CC_set=
ac_cv_env_CC_value=
ac_cv_env_CFLAGS_set=set
ac_cv_env_CFLAGS_value='-march=rv64imafd -mabi=lp64d -mcmodel=medany'
ac_cv_env_CPPFLAGS_set=
ac_cv_env_CPPFLAGS_value=
ac_cv_env_LDFLAGS_set=
ac_cv_env_LDFLAGS_value=
ac_cv_env_LIBS_set=
ac_cv_env_LIBS_value=
ac_cv_env_build_alias_set=
ac_cv_env_build_alias_value=
ac_cv_env_host_alias_set=set
ac_cv_env_host_alias_value=riscv64-vega-elf
ac_cv_env_target_alias_set=
ac_cv_env_target_alias_value=
ac_cv_objext=o
ac_cv_path_install='/usr/bin/install -c'
ac_cv_path_mkdir=/bin/mkdir
ac_cv_prog_AR=riscv64-vega-elf-ar
ac_cv_prog_AWK=gawk
ac_cv_prog_CC=riscv64-vega-elf-gcc
ac_cv_prog_RANLIB=riscv64-vega-elf-ranlib
ac_cv_prog_STRIP=riscv64-vega-elf-strip
ac_cv_prog_cc_c89=
ac_cv_prog_cc_g=yes
ac_cv_prog_make_make_set=yes
am_cv_CCAS_dependencies_compiler_type=gcc3
am_cv_CC_dependencies_compiler_type=gcc3
am_cv_ar_interface=ar
am_cv_make_support_nested_variables=yes
am_cv_prog_cc_c_o=yes

## ----------------- ##
## Output variables. ##
## ----------------- ##

ACLOCAL='${SHELL} /home/hdg/GHWC_2020/vega-sdk/bsp/missing aclocal-1.15'
AMDEPBACKSLASH='\'
AMDEP_FALSE='#'
AMDEP_TRUE=''
AMTAR='$${TAR-tar}'
AM_BACKSLASH='\'
AM_DEFAULT_V='$(AM_DEFAULT_VERBOSITY)'
AM_DEFAULT_VERBOSITY='1'
AM_V='$(V)'
AR='riscv64-vega-elf-ar'
AUTOCONF='${SHELL} /home/hdg/GHWC_2020/vega-sdk/bsp/missing autoconf'
AUTOHEADER='${SHELL} /home/hdg/GHWC_2020/vega-sdk/bsp/missing autoheader'
AUTOMAKE='${SHELL} /home/hdg/GHWC_2020/vega-sdk/bsp/missing automake-1.15'
AWK='gawk'
CC='riscv64-vega-elf-gcc'
CCAS='riscv64-vega-elf-gcc'
CCASDEPMODE='depmode=gcc3'
CCASFLAGS='-march=rv64imafd -mabi=lp64d -mcmodel=medany'
CCDEPMODE='depmode=gcc3'
CFLAGS='-march=rv64imafd -mabi=lp64d -mcmodel=medany'
CPPFLAGS=''
CYGPATH_W='echo'
DEFS='-DPACKAGE_NAME=\"libvega\" -DPACKAGE_TARNAME=\"libvega\" -DPACKAGE_VERSION=\"1.0\" -DPACKAGE_STRING=\"libvega\ 1.0\" -DPACKAGE_BUGREPORT=\"premjith@cdac.in\" -DPACKAGE_URL=\"\" -DPACKAGE=\"libvega\" -DVERSION=\"1.0\"'
DEPDIR='.deps'
ECHO_C=''
ECHO_N='-n'
ECHO_T=''
EXEEXT=''
INSTALL_DATA='${INSTALL} -m 644'
INSTALL_PROGRAM='${INSTALL}'
INSTALL_SCRIPT='${INSTALL}'
INSTALL_STRIP_PROGRAM='$(install_sh) -c -s'
LDFLAGS=''
LIBOBJS=''
LIBS=''
LTLIBOBJS=''
MAKEINFO='${SHELL} /home/hdg/GHWC_2020/vega-sdk/bsp/missing makeinfo'
MKDIR_P='/bin/mkdir -p'
OBJEXT='o'
PACKAGE='libvega'
PACKAGE_BUGREPORT='premjith@cdac.in'
PACKAGE_NAME='libvega'
PACKAGE_STRING='libvega 1.0'
PACKAGE_TARNAME='libvega'
PACKAGE_URL=''
PACKAGE_VERSION='1.0'
PATH_SEPARATOR=':'
RANLIB='riscv64-vega-elf-ranlib'
SET_MAKE=''
SHELL='/bin/bash'
STRIP='riscv64-vega-elf-strip'
VERSION='1.0'
ac_ct_AR=''
ac_ct_CC=''
am__EXEEXT_FALSE=''
am__EXEEXT_TRUE='#'
am__fastdepCCAS_FALSE='#'
am__fastdepCCAS_TRUE=''
am__fastdepCC_FALSE='#'
am__fastdepCC_TRUE=''
am__include='include'
am__isrc=''
am__leading_dot='.'
am__nodep='_no'
am__quote=''
am__tar='$${TAR-tar} chof - "$$tardir"'
am__untar='$${TAR-tar} xf -'
bindir='${exec_prefix}/bin'
build_alias=''
datadir='${datarootdir}'
datarootdir='${prefix}/share'
docdir='${datarootdir}/doc/${PACKAGE_TARNAME}'
dvidir='${docdir}'
exec_prefix='${prefix}'
host_alias='riscv64-vega-elf'
htmldir='${docdir}'
includedir='${prefix}/include'
infodir='${datarootdir}/info'
install_sh='${SHELL} /home/hdg/GHWC_2020/vega-sdk/bsp/install-sh'
libdir='${exec_prefix}/lib'
libexecdir='${exec_prefix}/libexec'
localedir='${datarootdir}/locale'
localstatedir='${prefix}/var'
mandir='${datarootdir}/man'
mkdir_p='$(MKDIR_P)'
oldincludedir='/usr/include'
pdfdir='${docdir}'
prefix='/usr/local'
program_transform_name='s,x,x,'
psdir='${docdir}'
runstatedir='${localstatedir}/run'
sbindir='${exec_prefix}/sbin'
sharedstatedir='${prefix}/com'
sysconfdir='${prefix}/etc'
target_alias=''

## ----------- ##
## confdefs.h. ##
## ----------- ##

/* confdefs.h */
#define PACKAGE_NAME "libvega"
#define PACKAGE_TARNAME "libvega"
#define PACKAGE_VERSION "1.0"
#define PACKAGE_STRING "libvega 1.0"
#define PACKAGE_BUGREPORT "premjith@cdac.in"
#define PACKAGE_URL ""
#define PACKAGE "libvega"
#define VERSION "1.0"

configure: exit 0
